<?xml version="1.0" encoding="UTF-8"?>
<!-- Generated by org.testng.reporters.JUnitReportReporter -->
<testsuite skipped="0" hostname="SHERINE_MARTINA" name="testcases.LoginTestcase" tests="1" failures="0" timestamp="2022-01-21T09:35:30 IST" time="17.477" errors="0">
  <testcase name="login" time="17.477" classname="testcases.LoginTestcase"/>
</testsuite> <!-- testcases.LoginTestcase -->
