<?xml version="1.0" encoding="UTF-8"?>
<!-- Generated by org.testng.reporters.JUnitReportReporter -->
<testsuite skipped="0" hostname="SHERINE_MARTINA" name="pagefactory.LoginPageObj" tests="1" failures="0" timestamp="2021-12-02T19:00:08 IST" time="11.132" errors="0">
  <testcase name="f" time="11.132" classname="pagefactory.LoginPageObj"/>
</testsuite> <!-- pagefactory.LoginPageObj -->
